<?xml version="1.0" encoding="UTF-8"?>
<!-- Generated by org.testng.reporters.JUnitReportReporter -->
<testsuite hostname="Ahas_Selva_Raja" failures="0" tests="1" name="testCases.TC_Logout_001" time="10.931" errors="0" timestamp="2024-03-30T04:42:18 IST" skipped="0">
  <testcase classname="testCases.TC_Logout_001" name="logout" time="10.931"/>
  <system-out/>
</testsuite> <!-- testCases.TC_Logout_001 -->
